2025-06-28 19:31:45,059 - INFO - Starting FinanceLayer news fetching and storing...
2025-06-28 19:31:48,175 - INFO - Fetched 100 news articles from FinanceLayer.
2025-06-28 19:31:48,186 - INFO - Latest data written successfully to ../../data/raw/finance_new.csv.
2025-06-28 19:31:48,186 - INFO - FinanceLayer news fetching and storing completed.
2025-06-28 19:55:22,137 - INFO - Starting FinanceLayer news fetching and storing...
2025-06-28 19:55:26,822 - INFO - Fetched 100 news articles from FinanceLayer.
2025-06-28 19:55:26,840 - INFO - Latest data written successfully to ../../data/raw/finance_new.csv.
2025-06-28 19:55:26,840 - INFO - FinanceLayer news fetching and storing completed.
2025-06-28 20:17:47,668 - INFO - Starting FinanceLayer news fetching and storing...
2025-06-28 20:17:51,023 - INFO - Fetched 100 news articles from FinanceLayer.
2025-06-28 20:17:51,041 - INFO - Latest data written successfully to data/raw/finance_new.csv.
2025-06-28 20:17:51,041 - INFO - FinanceLayer news fetching and storing completed.
2025-06-28 20:39:07,478 - INFO - Starting FinanceLayer news fetching and storing...
2025-06-28 20:39:11,202 - INFO - Fetched 100 news articles from FinanceLayer.
2025-06-28 20:39:11,217 - INFO - Latest data written successfully to data/raw/finance_new.csv.
2025-06-28 20:39:11,217 - INFO - FinanceLayer news fetching and storing completed.
2025-06-28 20:59:01,488 - INFO - Starting FinanceLayer news fetching and storing...
2025-06-28 20:59:04,375 - INFO - Fetched 100 news articles from FinanceLayer.
2025-06-28 20:59:04,391 - INFO - Latest data written successfully to data/raw/finance_new.csv.
2025-06-28 20:59:04,391 - INFO - FinanceLayer news fetching and storing completed.
2025-06-28 21:06:48,148 - INFO - Starting FinanceLayer news fetching and storing...
2025-06-28 21:06:50,613 - INFO - Fetched 100 news articles from FinanceLayer.
2025-06-28 21:06:50,626 - INFO - Latest data written successfully to data/raw/finance_new.csv.
2025-06-28 21:06:50,626 - INFO - FinanceLayer news fetching and storing completed.
2025-06-28 21:15:01,022 - INFO - Starting FinanceLayer news fetching and storing...
2025-06-28 21:15:03,417 - INFO - Fetched 100 news articles from FinanceLayer.
2025-06-28 21:15:03,430 - INFO - Latest data written successfully to data/raw/finance_new.csv.
2025-06-28 21:15:03,430 - INFO - FinanceLayer news fetching and storing completed.
2025-06-28 21:22:53,878 - INFO - Starting FinanceLayer news fetching and storing...
2025-06-28 21:22:56,320 - INFO - Fetched 100 news articles from FinanceLayer.
2025-06-28 21:22:56,335 - INFO - Latest data written successfully to data/raw/finance_news.csv.
2025-06-28 21:22:56,335 - INFO - FinanceLayer news fetching and storing completed.
2025-06-28 21:58:28,447 - INFO - Starting FinanceLayer news fetching and storing...
2025-06-28 21:58:31,306 - INFO - Fetched 100 news articles from FinanceLayer.
2025-06-28 21:58:31,323 - INFO - Latest data written successfully to data/raw/finance_news.csv.
2025-06-28 21:58:31,323 - INFO - FinanceLayer news fetching and storing completed.
