2025-05-24 21:00:25,539 - INFO - Fetching data for AAPL from 2018-01-01 to 2025-05-24
2025-05-24 21:00:26,329 - INFO - Saved data for AAPL to /Users/oindreelabhowmick/Documents/WILP/Sem4/dissertation/data/raw/AAPL.csv
2025-05-24 21:00:26,329 - INFO - Fetching data for TSLA from 2018-01-01 to 2025-05-24
2025-05-24 21:00:26,906 - INFO - Saved data for TSLA to /Users/oindreelabhowmick/Documents/WILP/Sem4/dissertation/data/raw/TSLA.csv
2025-05-24 21:00:26,906 - INFO - Fetching data for AMZN from 2018-01-01 to 2025-05-24
2025-05-24 21:00:27,423 - INFO - Saved data for AMZN to /Users/oindreelabhowmick/Documents/WILP/Sem4/dissertation/data/raw/AMZN.csv
2025-05-24 21:00:27,423 - INFO - Fetching data for MSFT from 2018-01-01 to 2025-05-24
2025-05-24 21:00:28,031 - INFO - Saved data for MSFT to /Users/oindreelabhowmick/Documents/WILP/Sem4/dissertation/data/raw/MSFT.csv
2025-05-24 21:00:28,031 - INFO - Fetching data for NVDA from 2018-01-01 to 2025-05-24
2025-05-24 21:00:28,664 - INFO - Saved data for NVDA to /Users/oindreelabhowmick/Documents/WILP/Sem4/dissertation/data/raw/NVDA.csv
2025-05-24 21:00:28,665 - INFO - Fetching data for GME from 2018-01-01 to 2025-05-24
2025-05-24 21:00:29,066 - INFO - Saved data for GME to /Users/oindreelabhowmick/Documents/WILP/Sem4/dissertation/data/raw/GME.csv
2025-05-24 21:00:29,066 - INFO - Fetching data for AMC from 2018-01-01 to 2025-05-24
2025-05-24 21:00:29,531 - INFO - Saved data for AMC to /Users/oindreelabhowmick/Documents/WILP/Sem4/dissertation/data/raw/AMC.csv
2025-05-24 21:00:29,531 - INFO - Fetching data for META from 2018-01-01 to 2025-05-24
2025-05-24 21:00:29,975 - INFO - Saved data for META to /Users/oindreelabhowmick/Documents/WILP/Sem4/dissertation/data/raw/META.csv
2025-05-24 21:00:29,976 - INFO - Fetching data for XOM from 2018-01-01 to 2025-05-24
2025-05-24 21:00:30,708 - INFO - Saved data for XOM to /Users/oindreelabhowmick/Documents/WILP/Sem4/dissertation/data/raw/XOM.csv
2025-05-24 21:00:30,708 - INFO - Fetching data for JPM from 2018-01-01 to 2025-05-24
2025-05-24 21:00:31,518 - INFO - Saved data for JPM to /Users/oindreelabhowmick/Documents/WILP/Sem4/dissertation/data/raw/JPM.csv
2025-05-24 21:00:31,518 - INFO - Fetching data for SPY from 2018-01-01 to 2025-05-24
2025-05-24 21:00:31,966 - INFO - Saved data for SPY to /Users/oindreelabhowmick/Documents/WILP/Sem4/dissertation/data/raw/SPY.csv
2025-05-24 21:00:31,966 - INFO - Fetching data for GLD from 2018-01-01 to 2025-05-24
2025-05-24 21:00:32,340 - INFO - Saved data for GLD to /Users/oindreelabhowmick/Documents/WILP/Sem4/dissertation/data/raw/GLD.csv
2025-05-24 21:03:18,223 - INFO - Fetching data for AAPL from 2018-01-01 to 2025-05-24
2025-05-24 21:03:19,270 - INFO - Fetching data for TSLA from 2018-01-01 to 2025-05-24
2025-05-24 21:03:19,862 - INFO - Fetching data for AMZN from 2018-01-01 to 2025-05-24
2025-05-24 21:03:20,367 - INFO - Fetching data for MSFT from 2018-01-01 to 2025-05-24
2025-05-24 21:03:20,890 - INFO - Fetching data for NVDA from 2018-01-01 to 2025-05-24
2025-05-24 21:03:21,304 - INFO - Fetching data for GME from 2018-01-01 to 2025-05-24
2025-05-24 21:03:21,587 - INFO - Fetching data for AMC from 2018-01-01 to 2025-05-24
2025-05-24 21:03:22,217 - INFO - Fetching data for META from 2018-01-01 to 2025-05-24
2025-05-24 21:03:22,730 - INFO - Fetching data for XOM from 2018-01-01 to 2025-05-24
2025-05-24 21:03:23,246 - INFO - Fetching data for JPM from 2018-01-01 to 2025-05-24
2025-05-24 21:03:23,747 - INFO - Fetching data for SPY from 2018-01-01 to 2025-05-24
2025-05-24 21:03:24,473 - INFO - Fetching data for GLD from 2018-01-01 to 2025-05-24
2025-05-24 21:03:25,310 - INFO - Saved merged data for 12 tickers to /Users/oindreelabhowmick/Documents/WILP/Sem4/dissertation/data/raw/merged_stock_data.csv
2025-05-24 21:04:37,988 - INFO - Fetching data for AAPL from 2018-01-01 to 2025-05-24
2025-05-24 21:04:38,806 - INFO - Fetching data for TSLA from 2018-01-01 to 2025-05-24
2025-05-24 21:04:39,118 - INFO - Fetching data for AMZN from 2018-01-01 to 2025-05-24
2025-05-24 21:04:39,467 - INFO - Fetching data for MSFT from 2018-01-01 to 2025-05-24
2025-05-24 21:04:39,767 - INFO - Fetching data for NVDA from 2018-01-01 to 2025-05-24
2025-05-24 21:04:40,123 - INFO - Fetching data for GME from 2018-01-01 to 2025-05-24
2025-05-24 21:04:40,449 - INFO - Fetching data for AMC from 2018-01-01 to 2025-05-24
2025-05-24 21:04:40,860 - INFO - Fetching data for META from 2018-01-01 to 2025-05-24
2025-05-24 21:04:41,277 - INFO - Fetching data for XOM from 2018-01-01 to 2025-05-24
2025-05-24 21:04:41,628 - INFO - Fetching data for JPM from 2018-01-01 to 2025-05-24
2025-05-24 21:04:41,934 - INFO - Fetching data for SPY from 2018-01-01 to 2025-05-24
2025-05-24 21:04:42,268 - INFO - Fetching data for GLD from 2018-01-01 to 2025-05-24
2025-05-24 21:04:42,827 - INFO - Saved merged data for 12 tickers to /Users/oindreelabhowmick/Documents/WILP/Sem4/dissertation/data/raw/merged_stock_data.csv
2025-05-24 21:18:35,597 - INFO - Fetching data for AAPL from 2018-01-01 to 2025-05-24
2025-05-24 21:18:36,911 - INFO - Fetching data for TSLA from 2018-01-01 to 2025-05-24
2025-05-24 21:18:37,575 - INFO - Fetching data for AMZN from 2018-01-01 to 2025-05-24
2025-05-24 21:18:38,176 - INFO - Fetching data for MSFT from 2018-01-01 to 2025-05-24
2025-05-24 21:18:39,203 - INFO - Fetching data for NVDA from 2018-01-01 to 2025-05-24
2025-05-24 21:18:39,720 - INFO - Fetching data for GME from 2018-01-01 to 2025-05-24
2025-05-24 21:18:40,344 - INFO - Fetching data for AMC from 2018-01-01 to 2025-05-24
2025-05-24 21:18:40,952 - INFO - Fetching data for META from 2018-01-01 to 2025-05-24
2025-05-24 21:18:41,340 - INFO - Fetching data for XOM from 2018-01-01 to 2025-05-24
2025-05-24 21:18:41,862 - INFO - Fetching data for JPM from 2018-01-01 to 2025-05-24
2025-05-24 21:18:42,457 - INFO - Fetching data for SPY from 2018-01-01 to 2025-05-24
2025-05-24 21:18:43,003 - INFO - Fetching data for GLD from 2018-01-01 to 2025-05-24
2025-05-24 21:18:43,635 - INFO - Saved merged data for 12 tickers to /Users/oindreelabhowmick/Documents/WILP/Sem4/dissertation/data/raw/merged_stock_data.csv
2025-05-25 01:03:40,014 - INFO - Fetching yfinance data for AAPL
2025-05-25 01:03:40,547 - INFO - Fetching yfinance data for TSLA
2025-05-25 01:03:40,721 - INFO - Fetching yfinance data for AMZN
2025-05-25 01:03:40,924 - INFO - Fetching yfinance data for MSFT
2025-05-25 01:03:41,142 - INFO - Fetching yfinance data for NVDA
2025-05-25 01:03:41,336 - INFO - Fetching yfinance data for GME
2025-05-25 01:03:41,508 - INFO - Fetching yfinance data for AMC
2025-05-25 01:03:41,747 - INFO - Fetching yfinance data for META
2025-05-25 01:03:41,958 - INFO - Fetching yfinance data for XOM
2025-05-25 01:03:42,198 - INFO - Fetching yfinance data for JPM
2025-05-25 01:03:42,473 - INFO - Fetching yfinance data for SPY
2025-05-25 01:03:42,746 - INFO - Fetching yfinance data for GLD
2025-05-25 01:03:42,957 - INFO - Saved yfinance data to /Users/oindreelabhowmick/Documents/WILP/Sem4/dissertation/data/raw/yfinance_data_20250525_010342.csv
2025-05-25 01:06:11,964 - INFO - Fetching yfinance data for AAPL
2025-05-25 01:06:12,425 - INFO - Fetching yfinance data for TSLA
2025-05-25 01:06:12,624 - INFO - Fetching yfinance data for AMZN
2025-05-25 01:06:12,861 - INFO - Fetching yfinance data for MSFT
2025-05-25 01:06:13,085 - INFO - Fetching yfinance data for NVDA
2025-05-25 01:06:13,298 - INFO - Fetching yfinance data for GME
2025-05-25 01:06:13,580 - INFO - Fetching yfinance data for AMC
2025-05-25 01:06:13,818 - INFO - Fetching yfinance data for META
2025-05-25 01:06:13,999 - INFO - Fetching yfinance data for JPM
2025-05-25 01:06:14,260 - INFO - Fetching yfinance data for SPY
2025-05-25 01:06:14,503 - INFO - Fetching yfinance data for UNH
2025-05-25 01:06:14,843 - INFO - Fetching yfinance data for C
2025-05-25 01:06:15,242 - INFO - Saved yfinance data to /Users/oindreelabhowmick/Documents/WILP/Sem4/dissertation/data/raw/yfinance_data_20250525_010615.csv
2025-05-25 01:08:54,267 - INFO - Fetching yfinance data for AAPL
2025-05-25 01:08:54,709 - INFO - Fetching yfinance data for TSLA
2025-05-25 01:08:54,891 - INFO - Fetching yfinance data for AMZN
2025-05-25 01:08:55,079 - INFO - Fetching yfinance data for MSFT
2025-05-25 01:08:55,270 - INFO - Fetching yfinance data for NVDA
2025-05-25 01:08:55,397 - INFO - Fetching yfinance data for GME
2025-05-25 01:08:55,523 - INFO - Fetching yfinance data for AMC
2025-05-25 01:08:55,652 - INFO - Fetching yfinance data for META
2025-05-25 01:08:55,777 - INFO - Fetching yfinance data for JPM
2025-05-25 01:08:55,963 - INFO - Fetching yfinance data for SPY
2025-05-25 01:08:56,121 - INFO - Fetching yfinance data for UNH
2025-05-25 01:08:56,272 - INFO - Fetching yfinance data for C
2025-05-25 01:08:56,450 - INFO - Saved yfinance data to /Users/oindreelabhowmick/Documents/WILP/Sem4/dissertation/data/raw/yfinance_data_20250525_010856.csv
2025-05-25 01:12:20,229 - INFO - Fetching yfinance data for AAPL
2025-05-25 01:12:20,777 - INFO - Fetching yfinance data for TSLA
2025-05-25 01:12:21,025 - INFO - Fetching yfinance data for AMZN
2025-05-25 01:12:21,209 - INFO - Fetching yfinance data for MSFT
2025-05-25 01:12:21,455 - INFO - Fetching yfinance data for NVDA
2025-05-25 01:12:21,749 - INFO - Fetching yfinance data for GME
2025-05-25 01:12:22,156 - INFO - Fetching yfinance data for AMC
2025-05-25 01:12:22,555 - INFO - Fetching yfinance data for META
2025-05-25 01:12:22,746 - INFO - Fetching yfinance data for JPM
2025-05-25 01:12:22,965 - INFO - Fetching yfinance data for SPY
2025-05-25 01:12:23,177 - INFO - Fetching yfinance data for UNH
2025-05-25 01:12:23,481 - INFO - Fetching yfinance data for C
2025-05-25 01:12:23,907 - INFO - Saved yfinance data to /Users/oindreelabhowmick/Documents/WILP/Sem4/dissertation/data/raw/yfinance_data_20250525_011223.csv
2025-05-25 01:12:41,645 - INFO - Fetching yfinance data for AAPL
2025-05-25 01:12:42,129 - INFO - Fetching yfinance data for TSLA
2025-05-25 01:12:42,294 - INFO - Fetching yfinance data for AMZN
2025-05-25 01:12:42,451 - INFO - Fetching yfinance data for MSFT
2025-05-25 01:12:42,627 - INFO - Fetching yfinance data for NVDA
2025-05-25 01:12:42,812 - INFO - Fetching yfinance data for GME
2025-05-25 01:12:42,968 - INFO - Fetching yfinance data for AMC
2025-05-25 01:12:43,134 - INFO - Fetching yfinance data for META
2025-05-25 01:12:43,298 - INFO - Fetching yfinance data for JPM
2025-05-25 01:12:43,552 - INFO - Fetching yfinance data for SPY
2025-05-25 01:12:43,854 - INFO - Fetching yfinance data for UNH
2025-05-25 01:12:44,058 - INFO - Fetching yfinance data for C
2025-05-25 01:12:44,287 - INFO - Saved yfinance data to /Users/oindreelabhowmick/Documents/WILP/Sem4/dissertation/data/raw/yfinance_data_20250525_011244.csv
2025-05-25 01:15:52,909 - INFO - Fetching yfinance data for AAPL
2025-05-25 01:15:53,732 - INFO - Fetching yfinance data for TSLA
2025-05-25 01:15:54,014 - INFO - Fetching yfinance data for AMZN
2025-05-25 01:15:54,320 - INFO - Fetching yfinance data for MSFT
2025-05-25 01:15:54,578 - INFO - Fetching yfinance data for NVDA
2025-05-25 01:15:54,728 - INFO - Fetching yfinance data for GME
2025-05-25 01:15:54,890 - INFO - Fetching yfinance data for AMC
2025-05-25 01:15:55,050 - INFO - Fetching yfinance data for META
2025-05-25 01:15:55,254 - INFO - Fetching yfinance data for JPM
2025-05-25 01:15:55,661 - INFO - Fetching yfinance data for SPY
2025-05-25 01:15:56,067 - INFO - Fetching yfinance data for UNH
2025-05-25 01:15:56,470 - INFO - Fetching yfinance data for C
2025-05-25 01:15:56,919 - INFO - Saved yfinance data to /Users/oindreelabhowmick/Documents/WILP/Sem4/dissertation/data/raw/yfinance_data_20250525_011556.csv
2025-05-25 01:17:36,397 - INFO - Fetching yfinance data for AAPL
2025-05-25 01:17:37,041 - INFO - Fetching yfinance data for TSLA
2025-05-25 01:17:37,346 - INFO - Fetching yfinance data for AMZN
2025-05-25 01:17:37,642 - INFO - Fetching yfinance data for MSFT
2025-05-25 01:17:38,065 - INFO - Fetching yfinance data for NVDA
2025-05-25 01:17:38,473 - INFO - Fetching yfinance data for GME
2025-05-25 01:17:38,782 - INFO - Fetching yfinance data for AMC
2025-05-25 01:17:39,085 - INFO - Fetching yfinance data for META
2025-05-25 01:17:39,295 - INFO - Fetching yfinance data for JPM
2025-05-25 01:17:39,702 - INFO - Fetching yfinance data for SPY
2025-05-25 01:17:40,100 - INFO - Fetching yfinance data for UNH
2025-05-25 01:17:40,307 - INFO - Fetching yfinance data for C
2025-05-25 01:17:40,745 - INFO - Saved yfinance data to /Users/oindreelabhowmick/Documents/WILP/Sem4/dissertation/data/raw/yfinance_data_20250525_011740.csv
2025-05-25 01:19:08,392 - INFO - Fetching yfinance data for AAPL
2025-05-25 01:19:09,008 - INFO - Fetching yfinance data for TSLA
2025-05-25 01:19:09,191 - INFO - Fetching yfinance data for AMZN
2025-05-25 01:19:09,408 - INFO - Fetching yfinance data for MSFT
2025-05-25 01:19:09,612 - INFO - Fetching yfinance data for NVDA
2025-05-25 01:19:09,819 - INFO - Fetching yfinance data for GME
2025-05-25 01:19:10,017 - INFO - Fetching yfinance data for AMC
2025-05-25 01:19:10,223 - INFO - Fetching yfinance data for META
2025-05-25 01:19:10,519 - INFO - Fetching yfinance data for JPM
2025-05-25 01:19:10,726 - INFO - Fetching yfinance data for SPY
2025-05-25 01:19:11,046 - INFO - Fetching yfinance data for UNH
2025-05-25 01:19:11,457 - INFO - Fetching yfinance data for C
2025-05-25 01:19:11,693 - INFO - Saved yfinance data to /Users/oindreelabhowmick/Documents/WILP/Sem4/dissertation/data/raw/yfinance_data_20250525_011911.csv
2025-05-25 01:22:28,932 - INFO - Fetching yfinance data for: AAPL, TSLA, AMZN, MSFT, NVDA, GME, AMC, META, JPM, SPY, UNH, C
2025-05-25 01:22:31,524 - INFO - Successfully saved yfinance data to /Users/oindreelabhowmick/Documents/WILP/Sem4/dissertation/data/raw/yfinance_data_20250525_012231.csv
2025-05-25 01:25:41,744 - INFO - Fetching yfinance data for: AAPL, TSLA, AMZN, MSFT, NVDA, GME, AMC, META, JPM, SPY, UNH, C
2025-05-25 01:25:47,150 - INFO - Successfully saved yfinance data to /Users/oindreelabhowmick/Documents/WILP/Sem4/dissertation/data/raw/yfinance_data_20250525_012547.csv
