2025-06-22 21:54:37,329 - INFO - Preparing data for LSTM...
2025-06-22 21:54:37,331 - INFO - Building LSTM model...
2025-06-22 21:54:37,873 - INFO - LSTM model trained and saved to /private/var/folders/y9/m6kzn12n3yn2h7b76mwm3zv40000gn/T/pytest-of-oindreelabhowmick/pytest-0/test_train_and_predict_lstm0/test_lstm_model.h5
2025-06-22 21:56:21,631 - INFO - Preparing data for LSTM...
2025-06-22 21:56:21,632 - INFO - Building LSTM model...
2025-06-22 21:56:22,173 - INFO - LSTM model trained and saved to /private/var/folders/y9/m6kzn12n3yn2h7b76mwm3zv40000gn/T/pytest-of-oindreelabhowmick/pytest-1/test_train_and_predict_lstm0/test_lstm_model.h5
2025-06-28 21:15:28,775 - INFO - Preparing data for LSTM...
2025-06-28 21:15:28,781 - INFO - Building LSTM model...
2025-06-28 21:15:39,470 - INFO - LSTM model trained and saved to lstm_model.h5
2025-06-28 21:23:21,299 - INFO - Preparing data for LSTM...
2025-06-28 21:23:21,305 - INFO - Building LSTM model...
2025-06-28 21:23:31,636 - INFO - LSTM model trained and saved to models/lstm_model.h5
2025-06-28 21:58:54,578 - INFO - Preparing data for LSTM...
2025-06-28 21:58:54,584 - INFO - Building LSTM model...
2025-06-28 21:59:04,835 - INFO - LSTM model trained and saved to models/lstm_model.h5
2025-06-29 12:21:23,886 - INFO - Preparing data for LSTM...
2025-06-29 12:21:23,892 - INFO - Building LSTM model...
2025-06-29 12:21:35,324 - INFO - LSTM model trained and saved to models/lstm_model.h5
2025-06-29 12:55:02,740 - INFO - Preparing data for LSTM...
2025-06-29 12:55:02,747 - INFO - Building LSTM model...
2025-06-29 12:55:12,427 - INFO - LSTM model trained and saved to models/lstm_model.h5
2025-06-29 15:03:24,735 - INFO - Preparing data for LSTM...
2025-06-29 15:03:24,741 - INFO - Building LSTM model...
2025-06-29 15:03:34,388 - INFO - LSTM model trained and saved to models/lstm_model.h5
2025-06-29 15:06:09,656 - INFO - Preparing data for LSTM...
2025-06-29 15:06:09,662 - INFO - Building LSTM model...
2025-06-29 15:06:19,920 - INFO - LSTM model trained and saved to models/lstm_model.keras
2025-06-29 19:44:34,046 - INFO - Preparing data for LSTM...
2025-06-29 19:44:34,052 - INFO - Building LSTM model...
2025-06-29 19:44:44,930 - INFO - LSTM model trained and saved to models/lstm_model.keras
2025-06-29 19:53:19,490 - INFO - Preparing data for LSTM...
2025-06-29 19:53:19,499 - INFO - Building LSTM model...
2025-06-29 19:53:30,519 - INFO - LSTM model trained and saved to models/lstm_model.keras
2025-06-29 21:10:07,807 - INFO - Preparing data for LSTM...
2025-06-29 21:10:07,816 - INFO - Building LSTM model...
2025-06-29 21:10:18,699 - INFO - LSTM model trained and saved to models/lstm_model.keras
2025-06-29 21:24:02,640 - INFO - Preparing data for LSTM...
2025-06-29 21:24:02,650 - INFO - Building LSTM model...
2025-06-29 21:24:15,158 - INFO - LSTM model trained and saved to models/lstm_model.keras
2025-06-29 21:38:35,139 - INFO - Preparing data for LSTM...
2025-06-29 21:38:35,148 - INFO - Building LSTM model...
2025-06-29 21:38:46,368 - INFO - LSTM model trained and saved to models/lstm_model.keras
