2025-08-07 21:31:02,296 - INFO - Not enough data for AAPL to make predictions. Skipping.
2025-08-07 21:31:02,296 - INFO - Not enough data for GOOGL to make predictions. Skipping.
2025-08-07 21:31:02,296 - INFO - Not enough data for MSFT to make predictions. Skipping.
2025-08-07 21:31:02,296 - INFO - Not enough data for TSLA to make predictions. Skipping.
2025-08-07 21:31:02,296 - INFO - Sorted tickers by predicted returns: []
2025-08-07 21:31:02,296 - INFO - Diversification check: Maximum allocation = 0.00% (limit: 25.00%)
2025-08-08 00:52:50,148 - INFO - Not enough data for AAPL to make predictions. Skipping.
2025-08-08 00:52:50,148 - INFO - Not enough data for GOOGL to make predictions. Skipping.
2025-08-08 00:52:50,148 - INFO - Not enough data for MSFT to make predictions. Skipping.
2025-08-08 00:52:50,148 - INFO - Not enough data for TSLA to make predictions. Skipping.
2025-08-08 00:52:50,148 - INFO - Sorted tickers by predicted returns: []
2025-08-08 00:52:50,148 - INFO - Diversification check: Maximum allocation = 0.00% (limit: 25.00%)
2025-08-08 00:59:11,648 - INFO - Not enough data for AAPL to make predictions. Skipping.
2025-08-08 00:59:11,648 - INFO - Not enough data for GOOGL to make predictions. Skipping.
2025-08-08 00:59:11,648 - INFO - Not enough data for MSFT to make predictions. Skipping.
2025-08-08 00:59:11,648 - INFO - Not enough data for TSLA to make predictions. Skipping.
2025-08-08 00:59:11,648 - INFO - Sorted tickers by predicted returns: []
2025-08-08 00:59:11,648 - INFO - Diversification check: Maximum allocation = 0.00% (limit: 25.00%)
2025-08-08 00:59:30,513 - INFO - Not enough data for AAPL to make predictions. Skipping.
2025-08-08 00:59:30,513 - INFO - Not enough data for GOOG to make predictions. Skipping.
2025-08-08 00:59:30,514 - INFO - Sorted tickers by predicted returns: []
2025-08-08 00:59:30,514 - INFO - Diversification check: Maximum allocation = 0.00% (limit: 25.00%)
