2025-08-24 22:37:29,258 - INFO - Applying FinBERT sentiment...
2025-08-24 22:38:27,555 - INFO - Applying finvader financial sentiment...
2025-08-24 22:38:28,413 - INFO - Calculating average sentiment score...
2025-08-24 22:38:28,417 - INFO - Dual sentiment annotation completed successfully.
2025-08-24 22:38:28,417 - INFO - Applying FinBERT sentiment...
2025-08-24 22:38:30,932 - INFO - Applying finvader financial sentiment...
2025-08-24 22:38:30,942 - INFO - Calculating average sentiment score...
2025-08-24 22:38:30,942 - INFO - Dual sentiment annotation completed successfully.
2025-08-24 22:38:30,959 - INFO - Feature merging pipeline completed successfully.
2025-08-24 23:52:46,626 - INFO - Applying FinBERT sentiment...
2025-08-24 23:53:47,387 - INFO - Applying finvader financial sentiment...
2025-08-24 23:53:48,222 - INFO - Calculating average sentiment score...
2025-08-24 23:53:48,225 - INFO - Dual sentiment annotation completed successfully.
2025-08-24 23:53:48,225 - INFO - Applying FinBERT sentiment...
2025-08-24 23:53:50,739 - INFO - Applying finvader financial sentiment...
2025-08-24 23:53:50,749 - INFO - Calculating average sentiment score...
2025-08-24 23:53:50,750 - INFO - Dual sentiment annotation completed successfully.
2025-08-24 23:53:50,770 - INFO - Feature merging pipeline completed successfully.
2025-08-27 16:43:22,646 - INFO - Applying FinBERT sentiment...
2025-08-27 16:44:23,849 - INFO - Applying finvader financial sentiment...
2025-08-27 16:44:24,732 - INFO - Calculating average sentiment score...
2025-08-27 16:44:24,736 - INFO - Dual sentiment annotation completed successfully.
2025-08-27 16:44:24,737 - INFO - Applying FinBERT sentiment...
2025-08-27 16:44:27,434 - INFO - Applying finvader financial sentiment...
2025-08-27 16:44:27,444 - INFO - Calculating average sentiment score...
2025-08-27 16:44:27,444 - INFO - Dual sentiment annotation completed successfully.
2025-08-27 16:44:27,465 - INFO - Feature merging pipeline completed successfully.
