2025-07-13 22:27:08,270 - INFO - Loading data from data/processed/recent_data_with_sentiment.csv
2025-07-13 22:27:08,273 - INFO - Feature columns: ['date', 'ticker', 'open', 'high', 'low', 'close', 'volume', 'returns', 'rsi', 'macd', 'macd_signal', 'sma_20', 'ema_20', 'bb_bbm', 'bb_bbh', 'bb_bbl', 'reddit_sentiment_score', 'news_sentiment_score']
2025-07-13 22:28:44,168 - INFO - Loading data from data/processed/recent_data_with_sentiment.csv
2025-07-13 22:28:44,173 - INFO - Feature columns: ['date', 'ticker', 'open', 'high', 'low', 'close', 'volume', 'returns', 'rsi', 'macd', 'macd_signal', 'sma_20', 'ema_20', 'bb_bbm', 'bb_bbh', 'bb_bbl', 'reddit_sentiment_score', 'news_sentiment_score']
2025-07-13 22:29:23,904 - INFO - Loading data from data/processed/recent_data_with_sentiment.csv
2025-07-13 22:29:23,908 - INFO - Feature columns: ['date', 'ticker', 'open', 'high', 'low', 'close', 'volume', 'rsi', 'macd', 'macd_signal', 'sma_20', 'ema_20', 'bb_bbm', 'bb_bbh', 'bb_bbl', 'reddit_sentiment_score', 'news_sentiment_score']
2025-07-13 22:29:23,910 - INFO - Loaded 76 records with 17 features.
2025-07-13 22:31:03,513 - INFO - Loading data from data/processed/recent_data_with_sentiment.csv
2025-07-13 22:31:03,517 - INFO - Feature columns: ['date', 'ticker', 'open', 'high', 'low', 'close', 'volume', 'rsi', 'macd', 'macd_signal', 'sma_20', 'ema_20', 'bb_bbm', 'bb_bbh', 'bb_bbl', 'reddit_sentiment_score', 'news_sentiment_score']
2025-07-13 22:31:03,520 - INFO - Loaded 76 records with 17 features.
2025-07-13 22:32:00,724 - INFO - Loading data from data/processed/recent_data_with_sentiment.csv
2025-07-13 22:32:00,727 - INFO - Feature columns: ['date', 'ticker', 'open', 'high', 'low', 'close', 'volume', 'rsi', 'macd', 'macd_signal', 'sma_20', 'ema_20', 'bb_bbm', 'bb_bbh', 'bb_bbl', 'reddit_sentiment_score', 'news_sentiment_score']
2025-07-13 22:32:00,729 - INFO - Loaded 76 records with 17 features.
2025-07-13 22:33:18,615 - INFO - Loading data from data/processed/recent_data_with_sentiment.csv
2025-07-13 22:33:18,618 - INFO - Feature columns: ['date', 'ticker', 'open', 'high', 'low', 'close', 'volume', 'rsi', 'macd', 'macd_signal', 'sma_20', 'ema_20', 'bb_bbm', 'bb_bbh', 'bb_bbl', 'reddit_sentiment_score', 'news_sentiment_score']
2025-07-13 22:33:18,621 - INFO - Loaded 76 records with 17 features.
2025-07-13 22:33:18,621 - INFO - Type of X: <class 'numpy.ndarray'>, shape: (76, 17)
2025-07-13 22:36:37,703 - INFO - Loading data from data/processed/recent_data_with_sentiment.csv
2025-07-13 22:36:37,708 - INFO - Numeric feature columns: ['open', 'high', 'low', 'close', 'volume', 'rsi', 'macd', 'macd_signal', 'sma_20', 'ema_20', 'bb_bbm', 'bb_bbh', 'bb_bbl', 'reddit_sentiment_score', 'news_sentiment_score']
2025-07-13 22:36:37,710 - INFO - Loaded 76 records with 15 numeric features.
2025-07-13 22:36:37,710 - INFO - Type of X: <class 'numpy.ndarray'>, shape: (76, 15)
2025-07-13 22:36:37,712 - INFO - Made predictions for 76 samples.
2025-07-13 22:36:37,712 - INFO - Performed partial_fit step with momentum.
2025-07-13 22:36:37,712 - INFO - Model saved to models/ogdm_model.keras.
2025-07-13 22:36:37,712 - INFO - OGDM training step completed and model saved.
2025-07-13 22:38:10,002 - INFO - Loading data from data/processed/recent_data_with_sentiment.csv
2025-07-13 22:38:10,006 - INFO - Numeric feature columns: ['open', 'high', 'low', 'close', 'volume', 'rsi', 'macd', 'macd_signal', 'sma_20', 'ema_20', 'bb_bbm', 'bb_bbh', 'bb_bbl', 'reddit_sentiment_score', 'news_sentiment_score']
2025-07-13 22:38:10,008 - INFO - Loaded 76 records with 15 numeric features.
2025-07-13 22:38:10,008 - INFO - Made predictions for 76 samples.
2025-07-13 22:38:10,008 - INFO - Performed partial_fit step with momentum.
2025-07-13 22:38:10,009 - INFO - Model saved to models/ogdm_model.pkl.
2025-07-13 22:38:10,009 - INFO - OGDM training step completed and model saved.
2025-07-13 22:38:32,349 - INFO - Model loaded from ../../models/ogdm_model.pkl.
2025-07-13 22:39:50,310 - INFO - Model loaded from ../../models/ogdm_model.pkl.
2025-07-13 22:42:20,389 - INFO - Model loaded from ../../models/ogdm_model.pkl.
2025-07-13 22:42:32,462 - INFO - Model loaded from ../../models/ogdm_model.pkl.
2025-07-13 22:42:41,013 - INFO - Model loaded from ../../models/ogdm_model.pkl.
2025-07-13 22:42:49,004 - INFO - Model loaded from ../../models/ogdm_model.pkl.
2025-07-13 22:42:56,708 - INFO - Model loaded from ../../models/ogdm_model.pkl.
2025-07-13 22:43:03,913 - INFO - Model loaded from ../../models/ogdm_model.pkl.
2025-07-13 22:43:12,257 - INFO - Model loaded from ../../models/ogdm_model.pkl.
2025-07-13 22:43:21,895 - INFO - Model loaded from ../../models/ogdm_model.pkl.
2025-07-14 11:34:47,109 - INFO - Model loaded from ../../models/ogdm_model.pkl.
2025-07-15 20:51:04,775 - INFO - Model loaded from ../../models/ogdm_model.pkl.
2025-07-15 20:55:08,304 - INFO - Model loaded from ../../models/ogdm_model.pkl.
2025-07-15 20:57:02,500 - INFO - Model loaded from ../../models/ogdm_model.pkl.
2025-07-15 20:58:05,552 - INFO - Model loaded from ../../models/ogdm_model.pkl.
2025-07-15 20:59:22,764 - INFO - Model loaded from ../../models/ogdm_model.pkl.
2025-07-15 21:00:26,781 - INFO - Model loaded from ../../models/ogdm_model.pkl.
2025-07-15 21:02:29,480 - INFO - Model loaded from ../../models/ogdm_model.pkl.
2025-07-15 21:11:59,781 - INFO - Model loaded from ../../models/ogdm_model.pkl.
2025-07-15 22:11:48,148 - INFO - Model loaded from ../../models/ogdm_model.pkl.
2025-07-15 22:11:48,291 - INFO - Made predictions for 8 samples.
2025-07-15 22:11:48,312 - INFO - Made predictions for 5 samples.
2025-07-15 22:11:48,332 - INFO - Made predictions for 7 samples.
2025-07-15 22:11:48,352 - INFO - Made predictions for 8 samples.
2025-07-15 22:11:48,376 - INFO - Made predictions for 8 samples.
2025-07-15 22:11:48,398 - INFO - Made predictions for 8 samples.
2025-07-15 22:11:48,422 - INFO - Made predictions for 8 samples.
2025-07-15 22:11:48,444 - INFO - Made predictions for 8 samples.
