2025-07-15 22:11:48,291 - WARNING - Feature count mismatch: model expects 15 features but data has 13
2025-07-15 22:11:48,291 - INFO - Padded features from 13 to 15
2025-07-15 22:11:48,311 - WARNING - Feature count mismatch: model expects 15 features but data has 13
2025-07-15 22:11:48,312 - INFO - Padded features from 13 to 15
2025-07-15 22:11:48,332 - WARNING - Feature count mismatch: model expects 15 features but data has 13
2025-07-15 22:11:48,332 - INFO - Padded features from 13 to 15
2025-07-15 22:11:48,332 - INFO - Not enough data for GME to make predictions. Skipping.
2025-07-15 22:11:48,333 - INFO - Not enough data for GOOGL to make predictions. Skipping.
2025-07-15 22:11:48,352 - WARNING - Feature count mismatch: model expects 15 features but data has 13
2025-07-15 22:11:48,352 - INFO - Padded features from 13 to 15
2025-07-15 22:11:48,375 - WARNING - Feature count mismatch: model expects 15 features but data has 13
2025-07-15 22:11:48,376 - INFO - Padded features from 13 to 15
2025-07-15 22:11:48,398 - WARNING - Feature count mismatch: model expects 15 features but data has 13
2025-07-15 22:11:48,398 - INFO - Padded features from 13 to 15
2025-07-15 22:11:48,398 - INFO - Not enough data for NVDA to make predictions. Skipping.
2025-07-15 22:11:48,421 - WARNING - Feature count mismatch: model expects 15 features but data has 13
2025-07-15 22:11:48,422 - INFO - Padded features from 13 to 15
2025-07-15 22:11:48,422 - INFO - Not enough data for TSLA to make predictions. Skipping.
2025-07-15 22:11:48,444 - WARNING - Feature count mismatch: model expects 15 features but data has 13
2025-07-15 22:11:48,444 - INFO - Padded features from 13 to 15
2025-07-15 22:11:48,444 - INFO - Sorted tickers by predicted returns: ['AAPL', 'AMC', 'AMZN', 'SPY', 'MSFT', 'META', 'JPM', 'UNH']
2025-07-17 13:47:24,099 - WARNING - Feature count mismatch: model expects 15 features but data has 13
2025-07-17 13:47:24,099 - INFO - Padded features from 13 to 15
2025-07-17 13:47:24,119 - WARNING - Feature count mismatch: model expects 15 features but data has 13
2025-07-17 13:47:24,120 - INFO - Padded features from 13 to 15
2025-07-17 13:47:24,140 - WARNING - Feature count mismatch: model expects 15 features but data has 13
2025-07-17 13:47:24,140 - INFO - Padded features from 13 to 15
2025-07-17 13:47:24,141 - INFO - Not enough data for GME to make predictions. Skipping.
2025-07-17 13:47:24,141 - INFO - Not enough data for GOOGL to make predictions. Skipping.
2025-07-17 13:47:24,160 - WARNING - Feature count mismatch: model expects 15 features but data has 13
2025-07-17 13:47:24,160 - INFO - Padded features from 13 to 15
2025-07-17 13:47:24,181 - WARNING - Feature count mismatch: model expects 15 features but data has 13
2025-07-17 13:47:24,181 - INFO - Padded features from 13 to 15
2025-07-17 13:47:24,212 - WARNING - Feature count mismatch: model expects 15 features but data has 13
2025-07-17 13:47:24,212 - INFO - Padded features from 13 to 15
2025-07-17 13:47:24,212 - INFO - Not enough data for NVDA to make predictions. Skipping.
2025-07-17 13:47:24,244 - WARNING - Feature count mismatch: model expects 15 features but data has 13
2025-07-17 13:47:24,245 - INFO - Padded features from 13 to 15
2025-07-17 13:47:24,245 - INFO - Not enough data for TSLA to make predictions. Skipping.
2025-07-17 13:47:24,267 - WARNING - Feature count mismatch: model expects 15 features but data has 13
2025-07-17 13:47:24,268 - INFO - Padded features from 13 to 15
2025-07-17 13:47:24,268 - INFO - Sorted tickers by predicted returns: ['AAPL', 'AMC', 'AMZN', 'SPY', 'MSFT', 'META', 'JPM', 'UNH']
2025-07-17 13:48:36,864 - WARNING - Feature count mismatch: model expects 15 features but data has 13
2025-07-17 13:48:36,864 - INFO - Padded features from 13 to 15
2025-07-17 13:48:36,885 - WARNING - Feature count mismatch: model expects 15 features but data has 13
2025-07-17 13:48:36,885 - INFO - Padded features from 13 to 15
2025-07-17 13:48:36,905 - WARNING - Feature count mismatch: model expects 15 features but data has 13
2025-07-17 13:48:36,906 - INFO - Padded features from 13 to 15
2025-07-17 13:48:36,906 - INFO - Not enough data for GME to make predictions. Skipping.
2025-07-17 13:48:36,906 - INFO - Not enough data for GOOGL to make predictions. Skipping.
2025-07-17 13:48:36,926 - WARNING - Feature count mismatch: model expects 15 features but data has 13
2025-07-17 13:48:36,926 - INFO - Padded features from 13 to 15
2025-07-17 13:48:36,951 - WARNING - Feature count mismatch: model expects 15 features but data has 13
2025-07-17 13:48:36,951 - INFO - Padded features from 13 to 15
2025-07-17 13:48:36,977 - WARNING - Feature count mismatch: model expects 15 features but data has 13
2025-07-17 13:48:36,978 - INFO - Padded features from 13 to 15
2025-07-17 13:48:36,978 - INFO - Not enough data for NVDA to make predictions. Skipping.
2025-07-17 13:48:37,003 - WARNING - Feature count mismatch: model expects 15 features but data has 13
2025-07-17 13:48:37,003 - INFO - Padded features from 13 to 15
2025-07-17 13:48:37,004 - INFO - Not enough data for TSLA to make predictions. Skipping.
2025-07-17 13:48:37,026 - WARNING - Feature count mismatch: model expects 15 features but data has 13
2025-07-17 13:48:37,026 - INFO - Padded features from 13 to 15
2025-07-17 13:48:37,026 - INFO - Sorted tickers by predicted returns: ['AAPL', 'AMC', 'AMZN', 'SPY', 'MSFT', 'META', 'JPM', 'UNH']
2025-07-17 13:49:11,987 - WARNING - Feature count mismatch: model expects 15 features but data has 13
2025-07-17 13:49:11,988 - INFO - Padded features from 13 to 15
2025-07-17 13:49:12,008 - WARNING - Feature count mismatch: model expects 15 features but data has 13
2025-07-17 13:49:12,008 - INFO - Padded features from 13 to 15
2025-07-17 13:49:12,028 - WARNING - Feature count mismatch: model expects 15 features but data has 13
2025-07-17 13:49:12,029 - INFO - Padded features from 13 to 15
2025-07-17 13:49:12,029 - INFO - Not enough data for GME to make predictions. Skipping.
2025-07-17 13:49:12,029 - INFO - Not enough data for GOOGL to make predictions. Skipping.
2025-07-17 13:49:12,048 - WARNING - Feature count mismatch: model expects 15 features but data has 13
2025-07-17 13:49:12,048 - INFO - Padded features from 13 to 15
2025-07-17 13:49:12,070 - WARNING - Feature count mismatch: model expects 15 features but data has 13
2025-07-17 13:49:12,070 - INFO - Padded features from 13 to 15
2025-07-17 13:49:12,094 - WARNING - Feature count mismatch: model expects 15 features but data has 13
2025-07-17 13:49:12,095 - INFO - Padded features from 13 to 15
2025-07-17 13:49:12,095 - INFO - Not enough data for NVDA to make predictions. Skipping.
2025-07-17 13:49:12,119 - WARNING - Feature count mismatch: model expects 15 features but data has 13
2025-07-17 13:49:12,120 - INFO - Padded features from 13 to 15
2025-07-17 13:49:12,120 - INFO - Not enough data for TSLA to make predictions. Skipping.
2025-07-17 13:49:12,142 - WARNING - Feature count mismatch: model expects 15 features but data has 13
2025-07-17 13:49:12,143 - INFO - Padded features from 13 to 15
2025-07-17 13:49:12,143 - INFO - Sorted tickers by predicted returns: ['AAPL', 'AMC', 'AMZN', 'SPY', 'MSFT', 'META', 'JPM', 'UNH']
2025-07-17 13:49:43,768 - WARNING - Feature count mismatch: model expects 15 features but data has 13
2025-07-17 13:49:43,768 - INFO - Padded features from 13 to 15
2025-07-17 13:49:43,789 - WARNING - Feature count mismatch: model expects 15 features but data has 13
2025-07-17 13:49:43,790 - INFO - Padded features from 13 to 15
2025-07-17 13:49:43,810 - WARNING - Feature count mismatch: model expects 15 features but data has 13
2025-07-17 13:49:43,810 - INFO - Padded features from 13 to 15
2025-07-17 13:49:43,811 - INFO - Not enough data for GME to make predictions. Skipping.
2025-07-17 13:49:43,811 - INFO - Not enough data for GOOGL to make predictions. Skipping.
2025-07-17 13:49:43,830 - WARNING - Feature count mismatch: model expects 15 features but data has 13
2025-07-17 13:49:43,830 - INFO - Padded features from 13 to 15
2025-07-17 13:49:43,853 - WARNING - Feature count mismatch: model expects 15 features but data has 13
2025-07-17 13:49:43,853 - INFO - Padded features from 13 to 15
2025-07-17 13:49:43,875 - WARNING - Feature count mismatch: model expects 15 features but data has 13
2025-07-17 13:49:43,875 - INFO - Padded features from 13 to 15
2025-07-17 13:49:43,876 - INFO - Not enough data for NVDA to make predictions. Skipping.
2025-07-17 13:49:43,898 - WARNING - Feature count mismatch: model expects 15 features but data has 13
2025-07-17 13:49:43,898 - INFO - Padded features from 13 to 15
2025-07-17 13:49:43,899 - INFO - Not enough data for TSLA to make predictions. Skipping.
2025-07-17 13:49:43,919 - WARNING - Feature count mismatch: model expects 15 features but data has 13
2025-07-17 13:49:43,919 - INFO - Padded features from 13 to 15
2025-07-17 13:49:43,919 - INFO - Sorted tickers by predicted returns: ['AAPL', 'AMC', 'AMZN', 'SPY', 'MSFT', 'META', 'JPM', 'UNH']
2025-07-17 13:53:37,917 - WARNING - Feature count mismatch: model expects 15 features but data has 13
2025-07-17 13:53:37,918 - INFO - Padded features from 13 to 15
2025-07-17 13:53:37,938 - WARNING - Feature count mismatch: model expects 15 features but data has 13
2025-07-17 13:53:37,939 - INFO - Padded features from 13 to 15
2025-07-17 13:53:37,960 - WARNING - Feature count mismatch: model expects 15 features but data has 13
2025-07-17 13:53:37,960 - INFO - Padded features from 13 to 15
2025-07-17 13:53:37,961 - INFO - Not enough data for GME to make predictions. Skipping.
2025-07-17 13:53:37,961 - INFO - Not enough data for GOOGL to make predictions. Skipping.
2025-07-17 13:53:37,981 - WARNING - Feature count mismatch: model expects 15 features but data has 13
2025-07-17 13:53:37,982 - INFO - Padded features from 13 to 15
2025-07-17 13:53:38,001 - WARNING - Feature count mismatch: model expects 15 features but data has 13
2025-07-17 13:53:38,002 - INFO - Padded features from 13 to 15
2025-07-17 13:53:38,023 - WARNING - Feature count mismatch: model expects 15 features but data has 13
2025-07-17 13:53:38,023 - INFO - Padded features from 13 to 15
2025-07-17 13:53:38,024 - INFO - Not enough data for NVDA to make predictions. Skipping.
2025-07-17 13:53:38,044 - WARNING - Feature count mismatch: model expects 15 features but data has 13
2025-07-17 13:53:38,044 - INFO - Padded features from 13 to 15
2025-07-17 13:53:38,044 - INFO - Not enough data for TSLA to make predictions. Skipping.
2025-07-17 13:53:38,064 - WARNING - Feature count mismatch: model expects 15 features but data has 13
2025-07-17 13:53:38,065 - INFO - Padded features from 13 to 15
2025-07-17 13:53:38,065 - INFO - Sorted tickers by predicted returns: ['AAPL', 'AMC', 'AMZN', 'SPY', 'MSFT', 'META', 'JPM', 'UNH']
2025-07-17 14:18:25,880 - WARNING - Feature count mismatch: model expects 15 features but data has 13
2025-07-17 14:18:25,881 - INFO - Padded features from 13 to 15
2025-07-17 14:18:25,905 - WARNING - Feature count mismatch: model expects 15 features but data has 13
2025-07-17 14:18:25,906 - INFO - Padded features from 13 to 15
2025-07-17 14:18:25,931 - WARNING - Feature count mismatch: model expects 15 features but data has 13
2025-07-17 14:18:25,932 - INFO - Padded features from 13 to 15
2025-07-17 14:18:25,932 - INFO - Not enough data for GME to make predictions. Skipping.
2025-07-17 14:18:25,932 - INFO - Not enough data for GOOGL to make predictions. Skipping.
2025-07-17 14:18:25,953 - WARNING - Feature count mismatch: model expects 15 features but data has 13
2025-07-17 14:18:25,954 - INFO - Padded features from 13 to 15
2025-07-17 14:18:25,975 - WARNING - Feature count mismatch: model expects 15 features but data has 13
2025-07-17 14:18:25,976 - INFO - Padded features from 13 to 15
2025-07-17 14:18:25,998 - WARNING - Feature count mismatch: model expects 15 features but data has 13
2025-07-17 14:18:25,998 - INFO - Padded features from 13 to 15
2025-07-17 14:18:25,998 - INFO - Not enough data for NVDA to make predictions. Skipping.
2025-07-17 14:18:26,023 - WARNING - Feature count mismatch: model expects 15 features but data has 13
2025-07-17 14:18:26,024 - INFO - Padded features from 13 to 15
2025-07-17 14:18:26,024 - INFO - Not enough data for TSLA to make predictions. Skipping.
2025-07-17 14:18:26,046 - WARNING - Feature count mismatch: model expects 15 features but data has 13
2025-07-17 14:18:26,046 - INFO - Padded features from 13 to 15
2025-07-17 14:18:26,046 - INFO - Sorted tickers by predicted returns: ['AAPL', 'AMC', 'AMZN', 'SPY', 'MSFT', 'META', 'JPM', 'UNH']
2025-07-17 14:22:33,169 - WARNING - Feature count mismatch: model expects 15 features but data has 13
2025-07-17 14:22:33,169 - INFO - Padded features from 13 to 15
2025-07-17 14:22:33,190 - WARNING - Feature count mismatch: model expects 15 features but data has 13
2025-07-17 14:22:33,192 - INFO - Padded features from 13 to 15
2025-07-17 14:22:33,213 - WARNING - Feature count mismatch: model expects 15 features but data has 13
2025-07-17 14:22:33,213 - INFO - Padded features from 13 to 15
2025-07-17 14:22:33,213 - INFO - Not enough data for GME to make predictions. Skipping.
2025-07-17 14:22:33,213 - INFO - Not enough data for GOOGL to make predictions. Skipping.
2025-07-17 14:22:33,234 - WARNING - Feature count mismatch: model expects 15 features but data has 13
2025-07-17 14:22:33,234 - INFO - Padded features from 13 to 15
2025-07-17 14:22:33,254 - WARNING - Feature count mismatch: model expects 15 features but data has 13
2025-07-17 14:22:33,254 - INFO - Padded features from 13 to 15
2025-07-17 14:22:33,275 - WARNING - Feature count mismatch: model expects 15 features but data has 13
2025-07-17 14:22:33,275 - INFO - Padded features from 13 to 15
2025-07-17 14:22:33,275 - INFO - Not enough data for NVDA to make predictions. Skipping.
2025-07-17 14:22:33,296 - WARNING - Feature count mismatch: model expects 15 features but data has 13
2025-07-17 14:22:33,296 - INFO - Padded features from 13 to 15
2025-07-17 14:22:33,296 - INFO - Not enough data for TSLA to make predictions. Skipping.
2025-07-17 14:22:33,317 - WARNING - Feature count mismatch: model expects 15 features but data has 13
2025-07-17 14:22:33,317 - INFO - Padded features from 13 to 15
2025-07-17 14:22:33,317 - INFO - Sorted tickers by predicted returns: ['AAPL', 'AMC', 'AMZN', 'SPY', 'MSFT', 'META', 'JPM', 'UNH']
2025-07-17 14:27:05,896 - WARNING - Feature count mismatch: model expects 15 features but data has 13
2025-07-17 14:27:05,896 - INFO - Padded features from 13 to 15
2025-07-17 14:27:05,918 - WARNING - Feature count mismatch: model expects 15 features but data has 13
2025-07-17 14:27:05,918 - INFO - Padded features from 13 to 15
2025-07-17 14:27:05,938 - WARNING - Feature count mismatch: model expects 15 features but data has 13
2025-07-17 14:27:05,939 - INFO - Padded features from 13 to 15
2025-07-17 14:27:05,939 - INFO - Not enough data for GME to make predictions. Skipping.
2025-07-17 14:27:05,939 - INFO - Not enough data for GOOGL to make predictions. Skipping.
2025-07-17 14:27:05,959 - WARNING - Feature count mismatch: model expects 15 features but data has 13
2025-07-17 14:27:05,959 - INFO - Padded features from 13 to 15
2025-07-17 14:27:05,979 - WARNING - Feature count mismatch: model expects 15 features but data has 13
2025-07-17 14:27:05,979 - INFO - Padded features from 13 to 15
2025-07-17 14:27:06,000 - WARNING - Feature count mismatch: model expects 15 features but data has 13
2025-07-17 14:27:06,000 - INFO - Padded features from 13 to 15
2025-07-17 14:27:06,000 - INFO - Not enough data for NVDA to make predictions. Skipping.
2025-07-17 14:27:06,020 - WARNING - Feature count mismatch: model expects 15 features but data has 13
2025-07-17 14:27:06,021 - INFO - Padded features from 13 to 15
2025-07-17 14:27:06,021 - INFO - Not enough data for TSLA to make predictions. Skipping.
2025-07-17 14:27:06,041 - WARNING - Feature count mismatch: model expects 15 features but data has 13
2025-07-17 14:27:06,041 - INFO - Padded features from 13 to 15
2025-07-17 14:27:06,041 - INFO - Sorted tickers by predicted returns: ['AAPL', 'AMC', 'AMZN', 'UNH', 'JPM', 'META', 'MSFT', 'SPY']
