2025-08-11 15:05:06,805 - INFO - Loading market data from data/processed/stock_prices_latest.csv
2025-08-11 15:07:08,925 - INFO - Loading market data from data/processed/stock_prices_latest.csv
2025-08-11 15:07:08,939 - INFO - Loading sentiment data from data/processed/reddit_posts.csv
2025-08-11 15:07:08,968 - INFO - Loading sentiment data from data/processed/finance_news.csv
2025-08-11 15:07:08,970 - WARNING - Skipping sentiment file data/processed/finance_news.csv: No sentiment score column detected.
2025-08-11 15:07:08,977 - INFO - Alert report written to evaluation_results/alerts/alerts_weekly_20250811_150708.csv
2025-08-11 15:07:13,328 - INFO - Email sent to 1 recipient(s).
2025-08-11 15:11:43,746 - INFO - Loading market data from data/processed/stock_prices_latest.csv
2025-08-11 15:11:43,759 - INFO - Loading sentiment data from data/processed/reddit_posts.csv
2025-08-11 15:11:43,787 - WARNING - Skipping sentiment file data/processed/reddit_posts.csv: No sentiment score column detected.
2025-08-11 15:11:43,787 - INFO - Loading sentiment data from data/processed/finance_news.csv
2025-08-11 15:11:43,790 - WARNING - Skipping sentiment file data/processed/finance_news.csv: No sentiment score column detected.
2025-08-11 15:11:43,793 - INFO - Alert report written to evaluation_results/alerts/alerts_weekly_20250811_151143.csv
2025-08-11 15:11:47,834 - INFO - Email sent to 1 recipient(s).
2025-08-11 15:17:36,115 - INFO - Loading processed data from data/processed/recent_data_with_sentiment.csv
2025-08-11 15:17:36,131 - INFO - Alert report written to evaluation_results/alerts/alerts_weekly_20250811_151736.csv
2025-08-11 15:17:41,037 - INFO - Email sent to 1 recipient(s).
2025-08-11 15:29:55,693 - INFO - Loading processed data from data/processed/recent_data_with_sentiment.csv
2025-08-11 15:29:55,702 - INFO - Alert report written to evaluation_results/alerts/alerts_weekly_20250811_152955.csv
2025-08-11 15:29:59,889 - INFO - Email sent to 1 recipient(s).
2025-08-11 16:22:47,591 - INFO - Loading processed data from data/processed/recent_data_with_sentiment.csv
2025-08-11 16:22:47,599 - INFO - Alert report written to evaluation_results/alerts/alerts_weekly_20250811_162247.csv
2025-08-11 16:22:51,946 - INFO - Email sent to 1 recipient(s).
